2025-11-19 22:07:19 +08:00: ❌ QR Code Generation Error: Error: out of memory
    at setSource (/web/html/urlpj/shorturl-api/node_modules/canvas/lib/image.js:91:13)
    at Image.set (/web/html/urlpj/shorturl-api/node_modules/canvas/lib/image.js:62:9)
    at /web/html/urlpj/shorturl-api/node_modules/canvas/index.js:35:15
    at new Promise (<anonymous>)
    at Object.loadImage (/web/html/urlpj/shorturl-api/node_modules/canvas/index.js:24:10)
    at /web/html/urlpj/shorturl-api/node_modules/qr-code-styling/lib/webpack:/QRCodeStyling/src/core/QRSVG.ts:459:12
    at new Promise (<anonymous>)
    at p.loadImage (/web/html/urlpj/shorturl-api/node_modules/qr-code-styling/lib/webpack:/QRCodeStyling/src/core/QRSVG.ts:450:12)
    at p.drawQR (/web/html/urlpj/shorturl-api/node_modules/qr-code-styling/lib/webpack:/QRCodeStyling/src/core/QRSVG.ts:95:18)
    at M._setupSvg (/web/html/urlpj/shorturl-api/node_modules/qr-code-styling/lib/webpack:/QRCodeStyling/src/core/QRCodeStyling.ts:51:37)
2025-11-19 22:09:09 +08:00: ❌ QR Code Generation Error: Error: out of memory
    at setSource (/web/html/urlpj/shorturl-api/node_modules/canvas/lib/image.js:91:13)
    at Image.set (/web/html/urlpj/shorturl-api/node_modules/canvas/lib/image.js:37:9)
    at /web/html/urlpj/shorturl-api/node_modules/canvas/index.js:35:15
    at new Promise (<anonymous>)
    at Object.loadImage (/web/html/urlpj/shorturl-api/node_modules/canvas/index.js:24:10)
    at /web/html/urlpj/shorturl-api/node_modules/qr-code-styling/lib/webpack:/QRCodeStyling/src/core/QRSVG.ts:459:12
    at new Promise (<anonymous>)
    at p.loadImage (/web/html/urlpj/shorturl-api/node_modules/qr-code-styling/lib/webpack:/QRCodeStyling/src/core/QRSVG.ts:450:12)
    at p.drawQR (/web/html/urlpj/shorturl-api/node_modules/qr-code-styling/lib/webpack:/QRCodeStyling/src/core/QRSVG.ts:95:18)
    at M._setupSvg (/web/html/urlpj/shorturl-api/node_modules/qr-code-styling/lib/webpack:/QRCodeStyling/src/core/QRCodeStyling.ts:51:37)
2025-11-19 22:09:41 +08:00: ❌ QR Code Generation Error: Error: out of memory
    at setSource (/web/html/urlpj/shorturl-api/node_modules/canvas/lib/image.js:91:13)
    at Image.set (/web/html/urlpj/shorturl-api/node_modules/canvas/lib/image.js:37:9)
    at /web/html/urlpj/shorturl-api/node_modules/canvas/index.js:35:15
    at new Promise (<anonymous>)
    at Object.loadImage (/web/html/urlpj/shorturl-api/node_modules/canvas/index.js:24:10)
    at /web/html/urlpj/shorturl-api/node_modules/qr-code-styling/lib/webpack:/QRCodeStyling/src/core/QRSVG.ts:459:12
    at new Promise (<anonymous>)
    at p.loadImage (/web/html/urlpj/shorturl-api/node_modules/qr-code-styling/lib/webpack:/QRCodeStyling/src/core/QRSVG.ts:450:12)
    at p.drawQR (/web/html/urlpj/shorturl-api/node_modules/qr-code-styling/lib/webpack:/QRCodeStyling/src/core/QRSVG.ts:95:18)
    at M._setupSvg (/web/html/urlpj/shorturl-api/node_modules/qr-code-styling/lib/webpack:/QRCodeStyling/src/core/QRCodeStyling.ts:51:37)
2025-11-19 22:11:44 +08:00: Failed to overlay logo: Error: pngload_buffer: libspng read error
    at Sharp.toBuffer (/web/html/urlpj/shorturl-api/node_modules/sharp/lib/output.js:163:17)
    at overlayLogo (file:///web/html/urlpj/shorturl-api/src/utils/qrcode.ts:116:8)
    at generateQRCode (file:///web/html/urlpj/shorturl-api/src/utils/qrcode.ts:158:16)
    at Object.<anonymous> (file:///web/html/urlpj/shorturl-api/src/routes/urls.ts:368:22)
2025-11-19 22:12:10 +08:00: Failed to overlay logo: Error: pngload_buffer: libspng read error
    at Sharp.toBuffer (/web/html/urlpj/shorturl-api/node_modules/sharp/lib/output.js:163:17)
    at overlayLogo (file:///web/html/urlpj/shorturl-api/src/utils/qrcode.ts:116:8)
    at generateQRCode (file:///web/html/urlpj/shorturl-api/src/utils/qrcode.ts:158:16)
    at Object.<anonymous> (file:///web/html/urlpj/shorturl-api/src/routes/urls.ts:368:22)
2025-11-19 22:16:46 +08:00: Failed to overlay logo: Error: pngload_buffer: libspng read error
    at Sharp.toBuffer (/web/html/urlpj/shorturl-api/node_modules/sharp/lib/output.js:163:17)
    at overlayLogo (file:///web/html/urlpj/shorturl-api/src/utils/qrcode.ts:116:8)
    at generateQRCode (file:///web/html/urlpj/shorturl-api/src/utils/qrcode.ts:158:16)
    at Object.<anonymous> (file:///web/html/urlpj/shorturl-api/src/routes/urls.ts:368:22)
