2025-11-13 22:16:49 +08:00: [dotenv@17.2.3] injecting env (7) from .env -- tip: 🛠️  run anywhere with `dotenvx run -- yourcommand`
2025-11-13 22:16:49 +08:00: [dotenv@17.2.3] injecting env (0) from .env -- tip: 🛠️  run anywhere with `dotenvx run -- yourcommand`
2025-11-13 22:51:47 +08:00: [dotenv@17.2.3] injecting env (7) from .env -- tip: ⚙️  specify custom .env file path with { path: '/custom/path/.env' }
2025-11-13 22:51:48 +08:00: [dotenv@17.2.3] injecting env (0) from .env -- tip: 🔐 prevent committing .env to code: https://dotenvx.com/precommit
2025-11-13 22:51:48 +08:00: ✅ Redis connected successfully
2025-11-13 22:54:58 +08:00: [dotenv@17.2.3] injecting env (7) from .env -- tip: 🔐 prevent committing .env to code: https://dotenvx.com/precommit
2025-11-13 22:54:58 +08:00: [dotenv@17.2.3] injecting env (0) from .env -- tip: 🔑 add access controls to secrets: https://dotenvx.com/ops
2025-11-13 22:54:59 +08:00: ✅ Redis connected successfully
2025-11-14 10:10:58 +08:00: [dotenv@17.2.3] injecting env (7) from .env -- tip: 🔐 encrypt with Dotenvx: https://dotenvx.com
2025-11-14 10:10:59 +08:00: [dotenv@17.2.3] injecting env (0) from .env -- tip: ✅ audit secrets and track compliance: https://dotenvx.com/ops
2025-11-14 10:10:59 +08:00: ✅ Redis connected successfully
2025-11-14 10:10:59 +08:00: [02:10:59 UTC] INFO: Server listening at http://127.0.0.1:3000
2025-11-14 10:10:59 +08:00: [02:10:59 UTC] INFO: Server listening at http://192.168.2.202:3000
2025-11-14 10:10:59 +08:00: [02:10:59 UTC] INFO: Server listening at http://172.17.0.1:3000
2025-11-14 10:10:59 +08:00: [02:10:59 UTC] INFO: Server listening at http://172.18.0.1:3000
2025-11-14 10:10:59 +08:00: [02:10:59 UTC] INFO: 🚀 Server is running on http://0.0.0.0:3000
2025-11-14 10:10:59 +08:00: [02:10:59 UTC] INFO: 📝 API Documentation: http://0.0.0.0:3000/
2025-11-14 10:10:59 +08:00: [02:10:59 UTC] INFO: 🔗 Short URL format: http://0.0.0.0:3000/s/{code}
2025-11-14 10:11:07 +08:00: [02:11:06 UTC] INFO: incoming request
2025-11-14 10:11:07 +08:00:     reqId: "req-1"
2025-11-14 10:11:07 +08:00:     req: {
2025-11-14 10:11:07 +08:00:       "method": "GET",
2025-11-14 10:11:07 +08:00:       "url": "/health",
2025-11-14 10:11:07 +08:00:       "host": "localhost:3000",
2025-11-14 10:11:07 +08:00:       "remoteAddress": "127.0.0.1",
2025-11-14 10:11:07 +08:00:       "remotePort": 55766
2025-11-14 10:11:07 +08:00:     }
2025-11-14 10:11:07 +08:00: [02:11:06 UTC] INFO: request completed
2025-11-14 10:11:07 +08:00:     reqId: "req-1"
2025-11-14 10:11:07 +08:00:     res: {
2025-11-14 10:11:07 +08:00:       "statusCode": 200
2025-11-14 10:11:07 +08:00:     }
2025-11-14 10:11:07 +08:00:     responseTime: 6.5312410006299615
2025-11-14 10:11:18 +08:00: [02:11:18 UTC] INFO: incoming request
2025-11-14 10:11:18 +08:00:     reqId: "req-2"
2025-11-14 10:11:18 +08:00:     req: {
2025-11-14 10:11:18 +08:00:       "method": "GET",
2025-11-14 10:11:18 +08:00:       "url": "/s/FgGW34",
2025-11-14 10:11:18 +08:00:       "host": "localhost:3000",
2025-11-14 10:11:18 +08:00:       "remoteAddress": "127.0.0.1",
2025-11-14 10:11:18 +08:00:       "remotePort": 55812
2025-11-14 10:11:18 +08:00:     }
2025-11-14 10:11:18 +08:00: [02:11:18 UTC] INFO: Cache miss for FgGW34, cached now
2025-11-14 10:11:18 +08:00: [02:11:18 UTC] INFO: request completed
2025-11-14 10:11:18 +08:00:     reqId: "req-2"
2025-11-14 10:11:18 +08:00:     res: {
2025-11-14 10:11:18 +08:00:       "statusCode": 302
2025-11-14 10:11:18 +08:00:     }
2025-11-14 10:11:18 +08:00:     responseTime: 88.79610399994999
2025-11-14 10:11:18 +08:00: [02:11:18 UTC] INFO: incoming request
2025-11-14 10:11:18 +08:00:     reqId: "req-3"
2025-11-14 10:11:18 +08:00:     req: {
2025-11-14 10:11:18 +08:00:       "method": "GET",
2025-11-14 10:11:18 +08:00:       "url": "/s/FgGW34",
2025-11-14 10:11:18 +08:00:       "host": "localhost:3000",
2025-11-14 10:11:18 +08:00:       "remoteAddress": "127.0.0.1",
2025-11-14 10:11:18 +08:00:       "remotePort": 55824
2025-11-14 10:11:18 +08:00:     }
2025-11-14 10:11:18 +08:00: [02:11:18 UTC] INFO: Cache hit for FgGW34
2025-11-14 10:11:18 +08:00: [02:11:18 UTC] INFO: request completed
2025-11-14 10:11:18 +08:00:     reqId: "req-3"
2025-11-14 10:11:18 +08:00:     res: {
2025-11-14 10:11:18 +08:00:       "statusCode": 302
2025-11-14 10:11:18 +08:00:     }
2025-11-14 10:11:18 +08:00:     responseTime: 10.207275999709964
2025-11-14 10:11:18 +08:00: [02:11:18 UTC] INFO: incoming request
2025-11-14 10:11:18 +08:00:     reqId: "req-4"
2025-11-14 10:11:18 +08:00:     req: {
2025-11-14 10:11:18 +08:00:       "method": "GET",
2025-11-14 10:11:18 +08:00:       "url": "/s/FgGW34",
2025-11-14 10:11:18 +08:00:       "host": "localhost:3000",
2025-11-14 10:11:18 +08:00:       "remoteAddress": "127.0.0.1",
2025-11-14 10:11:18 +08:00:       "remotePort": 55840
2025-11-14 10:11:18 +08:00:     }
2025-11-14 10:11:18 +08:00: [02:11:18 UTC] INFO: Cache hit for FgGW34
2025-11-14 10:11:18 +08:00: [02:11:18 UTC] INFO: request completed
2025-11-14 10:11:18 +08:00:     reqId: "req-4"
2025-11-14 10:11:18 +08:00:     res: {
2025-11-14 10:11:18 +08:00:       "statusCode": 302
2025-11-14 10:11:18 +08:00:     }
2025-11-14 10:11:18 +08:00:     responseTime: 4.371172999963164
2025-11-14 10:11:18 +08:00: [02:11:18 UTC] INFO: incoming request
2025-11-14 10:11:18 +08:00:     reqId: "req-5"
2025-11-14 10:11:18 +08:00:     req: {
2025-11-14 10:11:18 +08:00:       "method": "GET",
2025-11-14 10:11:18 +08:00:       "url": "/s/FgGW34",
2025-11-14 10:11:18 +08:00:       "host": "localhost:3000",
2025-11-14 10:11:18 +08:00:       "remoteAddress": "127.0.0.1",
2025-11-14 10:11:18 +08:00:       "remotePort": 55846
2025-11-14 10:11:18 +08:00:     }
2025-11-14 10:11:18 +08:00: [02:11:18 UTC] INFO: Cache hit for FgGW34
2025-11-14 10:11:18 +08:00: [02:11:18 UTC] INFO: request completed
2025-11-14 10:11:18 +08:00:     reqId: "req-5"
2025-11-14 10:11:18 +08:00:     res: {
2025-11-14 10:11:18 +08:00:       "statusCode": 302
2025-11-14 10:11:18 +08:00:     }
2025-11-14 10:11:18 +08:00:     responseTime: 4.420140000060201
2025-11-14 10:11:18 +08:00: [02:11:18 UTC] INFO: incoming request
2025-11-14 10:11:18 +08:00:     reqId: "req-6"
2025-11-14 10:11:18 +08:00:     req: {
2025-11-14 10:11:18 +08:00:       "method": "GET",
2025-11-14 10:11:18 +08:00:       "url": "/s/FgGW34",
2025-11-14 10:11:18 +08:00:       "host": "localhost:3000",
2025-11-14 10:11:18 +08:00:       "remoteAddress": "127.0.0.1",
2025-11-14 10:11:18 +08:00:       "remotePort": 55860
2025-11-14 10:11:18 +08:00:     }
2025-11-14 10:11:18 +08:00: [02:11:18 UTC] INFO: Cache hit for FgGW34
2025-11-14 10:11:18 +08:00: [02:11:18 UTC] INFO: request completed
2025-11-14 10:11:18 +08:00:     reqId: "req-6"
2025-11-14 10:11:18 +08:00:     res: {
2025-11-14 10:11:18 +08:00:       "statusCode": 302
2025-11-14 10:11:18 +08:00:     }
2025-11-14 10:11:18 +08:00:     responseTime: 3.942068999633193
2025-11-14 10:11:18 +08:00: [02:11:18 UTC] INFO: incoming request
2025-11-14 10:11:18 +08:00:     reqId: "req-7"
2025-11-14 10:11:18 +08:00:     req: {
2025-11-14 10:11:18 +08:00:       "method": "GET",
2025-11-14 10:11:18 +08:00:       "url": "/s/FgGW34",
2025-11-14 10:11:18 +08:00:       "host": "localhost:3000",
2025-11-14 10:11:18 +08:00:       "remoteAddress": "127.0.0.1",
2025-11-14 10:11:18 +08:00:       "remotePort": 55870
2025-11-14 10:11:18 +08:00:     }
2025-11-14 10:11:18 +08:00: [02:11:18 UTC] INFO: Cache hit for FgGW34
2025-11-14 10:11:18 +08:00: [02:11:18 UTC] INFO: request completed
2025-11-14 10:11:18 +08:00:     reqId: "req-7"
2025-11-14 10:11:18 +08:00:     res: {
2025-11-14 10:11:18 +08:00:       "statusCode": 302
2025-11-14 10:11:18 +08:00:     }
2025-11-14 10:11:18 +08:00:     responseTime: 15.61885799933225
2025-11-14 10:11:18 +08:00: [02:11:18 UTC] INFO: incoming request
2025-11-14 10:11:18 +08:00:     reqId: "req-8"
2025-11-14 10:11:18 +08:00:     req: {
2025-11-14 10:11:18 +08:00:       "method": "GET",
2025-11-14 10:11:18 +08:00:       "url": "/s/FgGW34",
2025-11-14 10:11:18 +08:00:       "host": "localhost:3000",
2025-11-14 10:11:18 +08:00:       "remoteAddress": "127.0.0.1",
2025-11-14 10:11:18 +08:00:       "remotePort": 55876
2025-11-14 10:11:18 +08:00:     }
2025-11-14 10:11:18 +08:00: [02:11:18 UTC] INFO: Cache hit for FgGW34
2025-11-14 10:11:18 +08:00: [02:11:18 UTC] INFO: request completed
2025-11-14 10:11:18 +08:00:     reqId: "req-8"
2025-11-14 10:11:18 +08:00:     res: {
2025-11-14 10:11:18 +08:00:       "statusCode": 302
2025-11-14 10:11:18 +08:00:     }
2025-11-14 10:11:18 +08:00:     responseTime: 12.096133000217378
2025-11-14 10:11:18 +08:00: [02:11:18 UTC] INFO: incoming request
2025-11-14 10:11:18 +08:00:     reqId: "req-9"
2025-11-14 10:11:18 +08:00:     req: {
2025-11-14 10:11:18 +08:00:       "method": "GET",
2025-11-14 10:11:18 +08:00:       "url": "/s/FgGW34",
2025-11-14 10:11:18 +08:00:       "host": "localhost:3000",
2025-11-14 10:11:18 +08:00:       "remoteAddress": "127.0.0.1",
2025-11-14 10:11:18 +08:00:       "remotePort": 55888
2025-11-14 10:11:18 +08:00:     }
2025-11-14 10:11:18 +08:00: [02:11:18 UTC] INFO: Cache hit for FgGW34
2025-11-14 10:11:18 +08:00: [02:11:18 UTC] INFO: request completed
2025-11-14 10:11:18 +08:00:     reqId: "req-9"
2025-11-14 10:11:18 +08:00:     res: {
2025-11-14 10:11:18 +08:00:       "statusCode": 302
2025-11-14 10:11:18 +08:00:     }
2025-11-14 10:11:18 +08:00:     responseTime: 15.7261550007388
2025-11-14 10:11:18 +08:00: [02:11:18 UTC] INFO: incoming request
2025-11-14 10:11:18 +08:00:     reqId: "req-a"
2025-11-14 10:11:18 +08:00:     req: {
2025-11-14 10:11:18 +08:00:       "method": "GET",
2025-11-14 10:11:18 +08:00:       "url": "/s/FgGW34",
2025-11-14 10:11:18 +08:00:       "host": "localhost:3000",
2025-11-14 10:11:18 +08:00:       "remoteAddress": "127.0.0.1",
2025-11-14 10:11:18 +08:00:       "remotePort": 55890
2025-11-14 10:11:18 +08:00:     }
2025-11-14 10:11:18 +08:00: [02:11:18 UTC] INFO: Cache hit for FgGW34
2025-11-14 10:11:18 +08:00: [02:11:18 UTC] INFO: request completed
2025-11-14 10:11:18 +08:00:     reqId: "req-a"
2025-11-14 10:11:18 +08:00:     res: {
2025-11-14 10:11:18 +08:00:       "statusCode": 302
2025-11-14 10:11:18 +08:00:     }
2025-11-14 10:11:18 +08:00:     responseTime: 5.167083000764251
2025-11-14 10:11:18 +08:00: [02:11:18 UTC] INFO: incoming request
2025-11-14 10:11:18 +08:00:     reqId: "req-b"
2025-11-14 10:11:18 +08:00:     req: {
2025-11-14 10:11:18 +08:00:       "method": "GET",
2025-11-14 10:11:18 +08:00:       "url": "/s/FgGW34",
2025-11-14 10:11:18 +08:00:       "host": "localhost:3000",
2025-11-14 10:11:18 +08:00:       "remoteAddress": "127.0.0.1",
2025-11-14 10:11:18 +08:00:       "remotePort": 55900
2025-11-14 10:11:18 +08:00:     }
2025-11-14 10:11:18 +08:00: [02:11:18 UTC] INFO: Cache hit for FgGW34
2025-11-14 10:11:18 +08:00: [02:11:18 UTC] INFO: request completed
2025-11-14 10:11:18 +08:00:     reqId: "req-b"
2025-11-14 10:11:18 +08:00:     res: {
2025-11-14 10:11:18 +08:00:       "statusCode": 302
2025-11-14 10:11:18 +08:00:     }
2025-11-14 10:11:18 +08:00:     responseTime: 2.804128000512719
2025-11-14 10:11:24 +08:00: [02:11:24 UTC] INFO: incoming request
2025-11-14 10:11:24 +08:00:     reqId: "req-c"
2025-11-14 10:11:24 +08:00:     req: {
2025-11-14 10:11:24 +08:00:       "method": "GET",
2025-11-14 10:11:24 +08:00:       "url": "/s/FgGW34",
2025-11-14 10:11:24 +08:00:       "host": "localhost:3000",
2025-11-14 10:11:24 +08:00:       "remoteAddress": "127.0.0.1",
2025-11-14 10:11:24 +08:00:       "remotePort": 34788
2025-11-14 10:11:24 +08:00:     }
2025-11-14 10:11:24 +08:00: [02:11:24 UTC] INFO: Cache hit for FgGW34
2025-11-14 10:11:24 +08:00: [02:11:24 UTC] INFO: request completed
2025-11-14 10:11:24 +08:00:     reqId: "req-c"
2025-11-14 10:11:24 +08:00:     res: {
2025-11-14 10:11:24 +08:00:       "statusCode": 302
2025-11-14 10:11:24 +08:00:     }
2025-11-14 10:11:24 +08:00:     responseTime: 3.8593359999358654
2025-11-14 10:11:24 +08:00: [02:11:24 UTC] INFO: incoming request
2025-11-14 10:11:24 +08:00:     reqId: "req-d"
2025-11-14 10:11:24 +08:00:     req: {
2025-11-14 10:11:24 +08:00:       "method": "GET",
2025-11-14 10:11:24 +08:00:       "url": "/s/FgGW34",
2025-11-14 10:11:24 +08:00:       "host": "localhost:3000",
2025-11-14 10:11:24 +08:00:       "remoteAddress": "127.0.0.1",
2025-11-14 10:11:24 +08:00:       "remotePort": 34794
2025-11-14 10:11:24 +08:00:     }
2025-11-14 10:11:24 +08:00: [02:11:24 UTC] INFO: Cache hit for FgGW34
2025-11-14 10:11:24 +08:00: [02:11:24 UTC] INFO: request completed
2025-11-14 10:11:24 +08:00:     reqId: "req-d"
2025-11-14 10:11:24 +08:00:     res: {
2025-11-14 10:11:24 +08:00:       "statusCode": 302
2025-11-14 10:11:24 +08:00:     }
2025-11-14 10:11:24 +08:00:     responseTime: 3.9876390006393194
2025-11-14 10:11:24 +08:00: [02:11:24 UTC] INFO: incoming request
2025-11-14 10:11:24 +08:00:     reqId: "req-e"
2025-11-14 10:11:24 +08:00:     req: {
2025-11-14 10:11:24 +08:00:       "method": "GET",
2025-11-14 10:11:24 +08:00:       "url": "/s/FgGW34",
2025-11-14 10:11:24 +08:00:       "host": "localhost:3000",
2025-11-14 10:11:24 +08:00:       "remoteAddress": "127.0.0.1",
2025-11-14 10:11:24 +08:00:       "remotePort": 34808
2025-11-14 10:11:24 +08:00:     }
2025-11-14 10:11:24 +08:00: [02:11:24 UTC] INFO: Cache hit for FgGW34
2025-11-14 10:11:24 +08:00: [02:11:24 UTC] INFO: request completed
2025-11-14 10:11:24 +08:00:     reqId: "req-e"
2025-11-14 10:11:24 +08:00:     res: {
2025-11-14 10:11:24 +08:00:       "statusCode": 302
2025-11-14 10:11:24 +08:00:     }
2025-11-14 10:11:24 +08:00:     responseTime: 2.5556930005550385
2025-11-14 10:11:24 +08:00: [02:11:24 UTC] INFO: incoming request
2025-11-14 10:11:24 +08:00:     reqId: "req-f"
2025-11-14 10:11:24 +08:00:     req: {
2025-11-14 10:11:24 +08:00:       "method": "GET",
2025-11-14 10:11:24 +08:00:       "url": "/s/FgGW34",
2025-11-14 10:11:24 +08:00:       "host": "localhost:3000",
2025-11-14 10:11:24 +08:00:       "remoteAddress": "127.0.0.1",
2025-11-14 10:11:24 +08:00:       "remotePort": 34818
2025-11-14 10:11:24 +08:00:     }
2025-11-14 10:11:24 +08:00: [02:11:24 UTC] INFO: Cache hit for FgGW34
2025-11-14 10:11:24 +08:00: [02:11:24 UTC] INFO: request completed
2025-11-14 10:11:24 +08:00:     reqId: "req-f"
2025-11-14 10:11:24 +08:00:     res: {
2025-11-14 10:11:24 +08:00:       "statusCode": 302
2025-11-14 10:11:24 +08:00:     }
2025-11-14 10:11:24 +08:00:     responseTime: 2.9211099995300174
2025-11-14 10:11:24 +08:00: [02:11:24 UTC] INFO: incoming request
2025-11-14 10:11:24 +08:00:     reqId: "req-g"
2025-11-14 10:11:24 +08:00:     req: {
2025-11-14 10:11:24 +08:00:       "method": "GET",
2025-11-14 10:11:24 +08:00:       "url": "/s/FgGW34",
2025-11-14 10:11:24 +08:00:       "host": "localhost:3000",
2025-11-14 10:11:24 +08:00:       "remoteAddress": "127.0.0.1",
2025-11-14 10:11:24 +08:00:       "remotePort": 34824
2025-11-14 10:11:24 +08:00:     }
2025-11-14 10:11:24 +08:00: [02:11:24 UTC] INFO: Cache hit for FgGW34
2025-11-14 10:11:24 +08:00: [02:11:24 UTC] INFO: request completed
2025-11-14 10:11:24 +08:00:     reqId: "req-g"
2025-11-14 10:11:24 +08:00:     res: {
2025-11-14 10:11:24 +08:00:       "statusCode": 302
2025-11-14 10:11:24 +08:00:     }
2025-11-14 10:11:24 +08:00:     responseTime: 3.400423999875784
2025-11-14 10:11:24 +08:00: [02:11:24 UTC] INFO: incoming request
2025-11-14 10:11:24 +08:00:     reqId: "req-h"
2025-11-14 10:11:24 +08:00:     req: {
2025-11-14 10:11:24 +08:00:       "method": "GET",
2025-11-14 10:11:24 +08:00:       "url": "/s/FgGW34",
2025-11-14 10:11:24 +08:00:       "host": "localhost:3000",
2025-11-14 10:11:24 +08:00:       "remoteAddress": "127.0.0.1",
2025-11-14 10:11:24 +08:00:       "remotePort": 34836
2025-11-14 10:11:24 +08:00:     }
2025-11-14 10:11:24 +08:00: [02:11:24 UTC] INFO: Cache hit for FgGW34
2025-11-14 10:11:24 +08:00: [02:11:24 UTC] INFO: request completed
2025-11-14 10:11:24 +08:00:     reqId: "req-h"
2025-11-14 10:11:24 +08:00:     res: {
2025-11-14 10:11:24 +08:00:       "statusCode": 302
2025-11-14 10:11:24 +08:00:     }
2025-11-14 10:11:24 +08:00:     responseTime: 3.0545599991455674
2025-11-14 10:11:24 +08:00: [02:11:24 UTC] INFO: incoming request
2025-11-14 10:11:24 +08:00:     reqId: "req-i"
2025-11-14 10:11:24 +08:00:     req: {
2025-11-14 10:11:24 +08:00:       "method": "GET",
2025-11-14 10:11:24 +08:00:       "url": "/s/FgGW34",
2025-11-14 10:11:24 +08:00:       "host": "localhost:3000",
2025-11-14 10:11:24 +08:00:       "remoteAddress": "127.0.0.1",
2025-11-14 10:11:24 +08:00:       "remotePort": 34852
2025-11-14 10:11:24 +08:00:     }
2025-11-14 10:11:24 +08:00: [02:11:24 UTC] INFO: Cache hit for FgGW34
2025-11-14 10:11:24 +08:00: [02:11:24 UTC] INFO: request completed
2025-11-14 10:11:24 +08:00:     reqId: "req-i"
2025-11-14 10:11:24 +08:00:     res: {
2025-11-14 10:11:24 +08:00:       "statusCode": 302
2025-11-14 10:11:24 +08:00:     }
2025-11-14 10:11:24 +08:00:     responseTime: 11.688157999888062
2025-11-14 10:11:24 +08:00: [02:11:24 UTC] INFO: incoming request
2025-11-14 10:11:24 +08:00:     reqId: "req-j"
2025-11-14 10:11:24 +08:00:     req: {
2025-11-14 10:11:24 +08:00:       "method": "GET",
2025-11-14 10:11:24 +08:00:       "url": "/s/FgGW34",
2025-11-14 10:11:24 +08:00:       "host": "localhost:3000",
2025-11-14 10:11:24 +08:00:       "remoteAddress": "127.0.0.1",
2025-11-14 10:11:24 +08:00:       "remotePort": 34856
2025-11-14 10:11:24 +08:00:     }
2025-11-14 10:11:24 +08:00: [02:11:24 UTC] INFO: Cache hit for FgGW34
2025-11-14 10:11:24 +08:00: [02:11:24 UTC] INFO: request completed
2025-11-14 10:11:24 +08:00:     reqId: "req-j"
2025-11-14 10:11:24 +08:00:     res: {
2025-11-14 10:11:24 +08:00:       "statusCode": 302
2025-11-14 10:11:24 +08:00:     }
2025-11-14 10:11:24 +08:00:     responseTime: 5.994100000709295
2025-11-14 10:11:24 +08:00: [02:11:24 UTC] INFO: incoming request
2025-11-14 10:11:24 +08:00:     reqId: "req-k"
2025-11-14 10:11:24 +08:00:     req: {
2025-11-14 10:11:24 +08:00:       "method": "GET",
2025-11-14 10:11:24 +08:00:       "url": "/s/FgGW34",
2025-11-14 10:11:24 +08:00:       "host": "localhost:3000",
2025-11-14 10:11:24 +08:00:       "remoteAddress": "127.0.0.1",
2025-11-14 10:11:24 +08:00:       "remotePort": 34860
2025-11-14 10:11:24 +08:00:     }
2025-11-14 10:11:24 +08:00: [02:11:24 UTC] INFO: Cache hit for FgGW34
2025-11-14 10:11:24 +08:00: [02:11:24 UTC] INFO: request completed
2025-11-14 10:11:24 +08:00:     reqId: "req-k"
2025-11-14 10:11:24 +08:00:     res: {
2025-11-14 10:11:24 +08:00:       "statusCode": 302
2025-11-14 10:11:24 +08:00:     }
2025-11-14 10:11:24 +08:00:     responseTime: 3.4462799998000264
2025-11-14 10:11:24 +08:00: [02:11:24 UTC] INFO: incoming request
2025-11-14 10:11:24 +08:00:     reqId: "req-l"
2025-11-14 10:11:24 +08:00:     req: {
2025-11-14 10:11:24 +08:00:       "method": "GET",
2025-11-14 10:11:24 +08:00:       "url": "/s/FgGW34",
2025-11-14 10:11:24 +08:00:       "host": "localhost:3000",
2025-11-14 10:11:24 +08:00:       "remoteAddress": "127.0.0.1",
2025-11-14 10:11:24 +08:00:       "remotePort": 34868
2025-11-14 10:11:24 +08:00:     }
2025-11-14 10:11:24 +08:00: [02:11:24 UTC] INFO: Cache hit for FgGW34
2025-11-14 10:11:24 +08:00: [02:11:24 UTC] INFO: request completed
2025-11-14 10:11:24 +08:00:     reqId: "req-l"
2025-11-14 10:11:24 +08:00:     res: {
2025-11-14 10:11:24 +08:00:       "statusCode": 302
2025-11-14 10:11:24 +08:00:     }
2025-11-14 10:11:24 +08:00:     responseTime: 2.873399999924004
2025-11-14 10:13:38 +08:00: [dotenv@17.2.3] injecting env (7) from .env -- tip: ⚙️  specify custom .env file path with { path: '/custom/path/.env' }
2025-11-14 10:13:38 +08:00: [dotenv@17.2.3] injecting env (7) from .env -- tip: 🔐 prevent building .env in docker: https://dotenvx.com/prebuild
2025-11-14 10:13:39 +08:00: [dotenv@17.2.3] injecting env (0) from .env -- tip: 🔐 prevent building .env in docker: https://dotenvx.com/prebuild
2025-11-14 10:13:39 +08:00: ✅ Redis connected successfully
2025-11-14 10:13:39 +08:00: [dotenv@17.2.3] injecting env (0) from .env -- tip: ⚙️  suppress all logs with { quiet: true }
2025-11-14 10:13:39 +08:00: ✅ Redis connected successfully
2025-11-14 10:58:25 +08:00: [dotenv@17.2.3] injecting env (7) from .env -- tip: ⚙️  suppress all logs with { quiet: true }
2025-11-14 10:58:25 +08:00: [dotenv@17.2.3] injecting env (7) from .env -- tip: 🔐 prevent building .env in docker: https://dotenvx.com/prebuild
2025-11-14 10:58:25 +08:00: [dotenv@17.2.3] injecting env (0) from .env -- tip: ⚙️  load multiple .env files with { path: ['.env.local', '.env'] }
2025-11-14 10:58:25 +08:00: ✅ Redis connected successfully
2025-11-14 10:58:25 +08:00: [dotenv@17.2.3] injecting env (0) from .env -- tip: 🛠️  run anywhere with `dotenvx run -- yourcommand`
2025-11-14 10:58:25 +08:00: ✅ Redis connected successfully
2025-11-14 11:20:52 +08:00: [dotenv@17.2.3] injecting env (7) from .env -- tip: ⚙️  override existing env vars with { override: true }
2025-11-14 11:20:52 +08:00: ✅ Redis connected successfully
2025-11-14 11:20:52 +08:00: [dotenv@17.2.3] injecting env (7) from .env -- tip: 🔄 add secrets lifecycle management: https://dotenvx.com/ops
2025-11-14 11:20:52 +08:00: ✅ Redis connected successfully
2025-11-14 11:22:19 +08:00: [dotenv@17.2.3] injecting env (7) from .env -- tip: ⚙️  suppress all logs with { quiet: true }
2025-11-14 11:22:19 +08:00: [dotenv@17.2.3] injecting env (7) from .env -- tip: 🔐 encrypt with Dotenvx: https://dotenvx.com
2025-11-14 11:22:19 +08:00: [dotenv@17.2.3] injecting env (0) from .env -- tip: ✅ audit secrets and track compliance: https://dotenvx.com/ops
2025-11-14 11:22:19 +08:00: ✅ Redis connected successfully
2025-11-14 11:22:20 +08:00: [dotenv@17.2.3] injecting env (0) from .env -- tip: 🔐 prevent committing .env to code: https://dotenvx.com/precommit
2025-11-14 11:22:20 +08:00: ✅ Redis connected successfully
2025-11-14 11:37:14 +08:00: [dotenv@17.2.3] injecting env (7) from .env -- tip: 🛠️  run anywhere with `dotenvx run -- yourcommand`
2025-11-14 11:37:14 +08:00: [dotenv@17.2.3] injecting env (7) from .env -- tip: 📡 add observability to secrets: https://dotenvx.com/ops
2025-11-14 11:37:15 +08:00: [dotenv@17.2.3] injecting env (0) from .env -- tip: ⚙️  enable debug logging with { debug: true }
2025-11-14 11:37:15 +08:00: ✅ Redis connected successfully
2025-11-14 11:37:15 +08:00: [dotenv@17.2.3] injecting env (0) from .env -- tip: 📡 add observability to secrets: https://dotenvx.com/ops
2025-11-14 11:37:15 +08:00: ✅ Redis connected successfully
2025-11-14 12:02:30 +08:00: [dotenv@17.2.3] injecting env (7) from .env -- tip: ✅ audit secrets and track compliance: https://dotenvx.com/ops
2025-11-14 12:02:31 +08:00: [dotenv@17.2.3] injecting env (7) from .env -- tip: ⚙️  write to custom object with { processEnv: myObject }
2025-11-14 12:02:31 +08:00: [dotenv@17.2.3] injecting env (0) from .env -- tip: ⚙️  write to custom object with { processEnv: myObject }
2025-11-14 12:02:31 +08:00: ✅ Redis connected successfully
2025-11-14 12:02:31 +08:00: [dotenv@17.2.3] injecting env (0) from .env -- tip: 🔑 add access controls to secrets: https://dotenvx.com/ops
2025-11-14 12:02:31 +08:00: ✅ Redis connected successfully
2025-11-14 14:54:58 +08:00: [dotenv@17.2.3] injecting env (7) from .env -- tip: ⚙️  load multiple .env files with { path: ['.env.local', '.env'] }
2025-11-14 14:54:58 +08:00: [dotenv@17.2.3] injecting env (7) from .env -- tip: 🛠️  run anywhere with `dotenvx run -- yourcommand`
2025-11-14 14:54:58 +08:00: [dotenv@17.2.3] injecting env (0) from .env -- tip: ⚙️  override existing env vars with { override: true }
2025-11-14 14:54:58 +08:00: ✅ Redis connected successfully
2025-11-14 14:54:58 +08:00: [dotenv@17.2.3] injecting env (0) from .env -- tip: ⚙️  suppress all logs with { quiet: true }
2025-11-14 14:54:58 +08:00: ✅ Redis connected successfully
2025-11-14 15:07:29 +08:00: [dotenv@17.2.3] injecting env (7) from .env -- tip: 🛠️  run anywhere with `dotenvx run -- yourcommand`
2025-11-14 15:07:29 +08:00: [dotenv@17.2.3] injecting env (7) from .env -- tip: ⚙️  suppress all logs with { quiet: true }
2025-11-14 15:07:29 +08:00: [dotenv@17.2.3] injecting env (0) from .env -- tip: 👥 sync secrets across teammates & machines: https://dotenvx.com/ops
2025-11-14 15:07:30 +08:00: ✅ Redis connected successfully
2025-11-14 15:07:29 +08:00: [dotenv@17.2.3] injecting env (0) from .env -- tip: 🔐 encrypt with Dotenvx: https://dotenvx.com
2025-11-14 15:07:30 +08:00: ✅ Redis connected successfully
2025-11-14 15:14:00 +08:00: [dotenv@17.2.3] injecting env (7) from .env -- tip: 🗂️ backup and recover secrets: https://dotenvx.com/ops
2025-11-14 15:14:00 +08:00: [dotenv@17.2.3] injecting env (7) from .env -- tip: ⚙️  suppress all logs with { quiet: true }
2025-11-14 15:14:00 +08:00: [dotenv@17.2.3] injecting env (0) from .env -- tip: ⚙️  override existing env vars with { override: true }
2025-11-14 15:14:01 +08:00: ✅ Redis connected successfully
2025-11-14 15:14:01 +08:00: [dotenv@17.2.3] injecting env (0) from .env -- tip: 🔑 add access controls to secrets: https://dotenvx.com/ops
2025-11-14 15:14:01 +08:00: ✅ Redis connected successfully
2025-11-14 15:14:44 +08:00: [dotenv@17.2.3] injecting env (7) from .env -- tip: ⚙️  suppress all logs with { quiet: true }
2025-11-14 15:14:44 +08:00: [dotenv@17.2.3] injecting env (7) from .env -- tip: ⚙️  suppress all logs with { quiet: true }
2025-11-14 15:14:45 +08:00: [dotenv@17.2.3] injecting env (0) from .env -- tip: ⚙️  write to custom object with { processEnv: myObject }
2025-11-14 15:14:45 +08:00: ✅ Redis connected successfully
2025-11-14 15:14:45 +08:00: [dotenv@17.2.3] injecting env (0) from .env -- tip: ⚙️  override existing env vars with { override: true }
2025-11-14 15:14:45 +08:00: ✅ Redis connected successfully
2025-11-14 15:15:22 +08:00: [dotenv@17.2.3] injecting env (7) from .env -- tip: ⚙️  specify custom .env file path with { path: '/custom/path/.env' }
2025-11-14 15:15:22 +08:00: [dotenv@17.2.3] injecting env (7) from .env -- tip: 🔄 add secrets lifecycle management: https://dotenvx.com/ops
2025-11-14 15:15:22 +08:00: [dotenv@17.2.3] injecting env (0) from .env -- tip: ⚙️  load multiple .env files with { path: ['.env.local', '.env'] }
2025-11-14 15:15:22 +08:00: ✅ Redis connected successfully
2025-11-14 15:15:22 +08:00: [dotenv@17.2.3] injecting env (0) from .env -- tip: ⚙️  suppress all logs with { quiet: true }
2025-11-14 15:15:22 +08:00: ✅ Redis connected successfully
2025-11-14 15:20:59 +08:00: [dotenv@17.2.3] injecting env (7) from .env -- tip: 🔐 encrypt with Dotenvx: https://dotenvx.com
2025-11-14 15:21:00 +08:00: [dotenv@17.2.3] injecting env (7) from .env -- tip: 🛠️  run anywhere with `dotenvx run -- yourcommand`
2025-11-14 15:21:00 +08:00: [dotenv@17.2.3] injecting env (0) from .env -- tip: 🛠️  run anywhere with `dotenvx run -- yourcommand`
2025-11-14 15:21:00 +08:00: ✅ Redis connected successfully
2025-11-14 15:21:00 +08:00: [dotenv@17.2.3] injecting env (0) from .env -- tip: ⚙️  override existing env vars with { override: true }
2025-11-14 15:21:00 +08:00: ✅ Redis connected successfully
2025-11-14 15:27:43 +08:00: [dotenv@17.2.3] injecting env (7) from .env -- tip: ⚙️  enable debug logging with { debug: true }
2025-11-14 15:27:44 +08:00: [dotenv@17.2.3] injecting env (7) from .env -- tip: 🛠️  run anywhere with `dotenvx run -- yourcommand`
2025-11-14 15:27:43 +08:00: [dotenv@17.2.3] injecting env (0) from .env -- tip: 🔐 prevent building .env in docker: https://dotenvx.com/prebuild
2025-11-14 15:27:44 +08:00: ✅ Redis connected successfully
2025-11-14 15:27:44 +08:00: [dotenv@17.2.3] injecting env (0) from .env -- tip: 🔐 prevent committing .env to code: https://dotenvx.com/precommit
2025-11-14 15:27:44 +08:00: ✅ Redis connected successfully
2025-11-14 15:29:48 +08:00: [dotenv@17.2.3] injecting env (7) from .env -- tip: ⚙️  load multiple .env files with { path: ['.env.local', '.env'] }
2025-11-14 15:29:48 +08:00: [dotenv@17.2.3] injecting env (7) from .env -- tip: 🔄 add secrets lifecycle management: https://dotenvx.com/ops
2025-11-14 15:29:48 +08:00: [dotenv@17.2.3] injecting env (0) from .env -- tip: 🔐 encrypt with Dotenvx: https://dotenvx.com
2025-11-14 15:29:49 +08:00: ✅ Redis connected successfully
2025-11-14 15:29:49 +08:00: [dotenv@17.2.3] injecting env (0) from .env -- tip: 🔐 prevent building .env in docker: https://dotenvx.com/prebuild
2025-11-14 15:29:49 +08:00: ✅ Redis connected successfully
2025-11-14 15:40:41 +08:00: [dotenv@17.2.3] injecting env (7) from .env -- tip: 🔑 add access controls to secrets: https://dotenvx.com/ops
2025-11-14 15:40:41 +08:00: [dotenv@17.2.3] injecting env (7) from .env -- tip: ⚙️  write to custom object with { processEnv: myObject }
2025-11-14 15:40:41 +08:00: [dotenv@17.2.3] injecting env (0) from .env -- tip: ⚙️  load multiple .env files with { path: ['.env.local', '.env'] }
2025-11-14 15:40:41 +08:00: ✅ Redis connected successfully
2025-11-14 15:40:41 +08:00: [dotenv@17.2.3] injecting env (0) from .env -- tip: 🔐 encrypt with Dotenvx: https://dotenvx.com
2025-11-14 15:40:41 +08:00: ✅ Redis connected successfully
2025-11-14 15:48:50 +08:00: [dotenv@17.2.3] injecting env (7) from .env -- tip: ⚙️  specify custom .env file path with { path: '/custom/path/.env' }
2025-11-14 15:48:50 +08:00: [dotenv@17.2.3] injecting env (7) from .env -- tip: 🔐 encrypt with Dotenvx: https://dotenvx.com
2025-11-14 15:48:50 +08:00: [dotenv@17.2.3] injecting env (0) from .env -- tip: 🔑 add access controls to secrets: https://dotenvx.com/ops
2025-11-14 15:48:51 +08:00: ✅ Redis connected successfully
2025-11-14 15:48:50 +08:00: [dotenv@17.2.3] injecting env (0) from .env -- tip: 🔑 add access controls to secrets: https://dotenvx.com/ops
2025-11-14 15:48:51 +08:00: ✅ Redis connected successfully
2025-11-14 15:51:01 +08:00: [dotenv@17.2.3] injecting env (7) from .env -- tip: ⚙️  suppress all logs with { quiet: true }
2025-11-14 15:51:01 +08:00: [dotenv@17.2.3] injecting env (7) from .env -- tip: 📡 add observability to secrets: https://dotenvx.com/ops
2025-11-14 15:51:01 +08:00: [dotenv@17.2.3] injecting env (0) from .env -- tip: 🔑 add access controls to secrets: https://dotenvx.com/ops
2025-11-14 15:51:01 +08:00: ✅ Redis connected successfully
2025-11-14 15:51:01 +08:00: [dotenv@17.2.3] injecting env (0) from .env -- tip: ⚙️  write to custom object with { processEnv: myObject }
2025-11-14 15:51:02 +08:00: ✅ Redis connected successfully
2025-11-14 15:56:51 +08:00: [dotenv@17.2.3] injecting env (7) from .env -- tip: ⚙️  override existing env vars with { override: true }
2025-11-14 15:56:52 +08:00: [dotenv@17.2.3] injecting env (7) from .env -- tip: ⚙️  write to custom object with { processEnv: myObject }
2025-11-14 15:56:52 +08:00: [dotenv@17.2.3] injecting env (0) from .env -- tip: ✅ audit secrets and track compliance: https://dotenvx.com/ops
2025-11-14 15:56:52 +08:00: ✅ Redis connected successfully
2025-11-14 15:56:52 +08:00: [dotenv@17.2.3] injecting env (0) from .env -- tip: ⚙️  write to custom object with { processEnv: myObject }
2025-11-14 15:56:52 +08:00: ✅ Redis connected successfully
